<?xml version="1.0" encoding="UTF-8"?>
<testsuite name="regression test"
           tests="2"
           failures="0"
           errors="0"
           skipped="0"
           time="14.730">
  <properties />
  
  
            <testcase name="verifyProductAddedToShoppingCartSuccessFully" time="12.994" classname="com.tutorialninja.testsuite.DesktopTestPage" />
                <testcase name="verifyProductArrangeInAlphabeticalOrder" time="1.736" classname="com.tutorialninja.testsuite.DesktopTestPage" />
      
</testsuite>
